<?xml version="1.0" encoding="UTF-8"?>
<testng-results skipped="0" failed="0" ignored="0" total="4" passed="4">
  <reporter-output>
  </reporter-output>
  <suite name="Default suite" duration-ms="70389" started-at="2020-08-05T10:31:45Z" finished-at="2020-08-05T10:32:55Z">
    <groups>
    </groups>
    <test name="Default test" duration-ms="70389" started-at="2020-08-05T10:31:45Z" finished-at="2020-08-05T10:32:55Z">
      <class name="com.qats.test.QATS_LoginPageTest">
        <test-method status="PASS" signature="LaunchingBrowser()[pri:0, instance:com.qats.test.QATS_LoginPageTest@4501b7af]" name="LaunchingBrowser" is-config="true" duration-ms="7922" started-at="2020-08-05T10:31:45Z" finished-at="2020-08-05T10:31:53Z">
          <reporter-output>
          </reporter-output>
        </test-method> <!-- LaunchingBrowser -->
        <test-method status="PASS" signature="LoginPageTitleTest()[pri:0, instance:com.qats.test.QATS_LoginPageTest@4501b7af]" name="LoginPageTitleTest" duration-ms="50" started-at="2020-08-05T10:31:53Z" finished-at="2020-08-05T10:31:53Z">
          <reporter-output>
          </reporter-output>
        </test-method> <!-- LoginPageTitleTest -->
        <test-method status="PASS" signature="teardown()[pri:0, instance:com.qats.test.QATS_LoginPageTest@4501b7af]" name="teardown" is-config="true" duration-ms="932" started-at="2020-08-05T10:31:53Z" finished-at="2020-08-05T10:31:54Z">
          <reporter-output>
          </reporter-output>
        </test-method> <!-- teardown -->
        <test-method status="PASS" signature="LaunchingBrowser()[pri:0, instance:com.qats.test.QATS_LoginPageTest@4501b7af]" name="LaunchingBrowser" is-config="true" duration-ms="6903" started-at="2020-08-05T10:31:54Z" finished-at="2020-08-05T10:32:01Z">
          <reporter-output>
          </reporter-output>
        </test-method> <!-- LaunchingBrowser -->
        <test-method status="PASS" signature="LoginTestAdmin()[pri:0, instance:com.qats.test.QATS_LoginPageTest@4501b7af]" name="LoginTestAdmin" duration-ms="15929" started-at="2020-08-05T10:32:01Z" finished-at="2020-08-05T10:32:17Z">
          <reporter-output>
          </reporter-output>
        </test-method> <!-- LoginTestAdmin -->
        <test-method status="PASS" signature="teardown()[pri:0, instance:com.qats.test.QATS_LoginPageTest@4501b7af]" name="teardown" is-config="true" duration-ms="902" started-at="2020-08-05T10:32:17Z" finished-at="2020-08-05T10:32:18Z">
          <reporter-output>
          </reporter-output>
        </test-method> <!-- teardown -->
        <test-method status="PASS" signature="LaunchingBrowser()[pri:0, instance:com.qats.test.QATS_LoginPageTest@4501b7af]" name="LaunchingBrowser" is-config="true" duration-ms="6186" started-at="2020-08-05T10:32:18Z" finished-at="2020-08-05T10:32:24Z">
          <reporter-output>
          </reporter-output>
        </test-method> <!-- LaunchingBrowser -->
        <test-method status="PASS" signature="LoginTestManager()[pri:0, instance:com.qats.test.QATS_LoginPageTest@4501b7af]" name="LoginTestManager" duration-ms="11454" started-at="2020-08-05T10:32:24Z" finished-at="2020-08-05T10:32:35Z">
          <reporter-output>
          </reporter-output>
        </test-method> <!-- LoginTestManager -->
        <test-method status="PASS" signature="teardown()[pri:0, instance:com.qats.test.QATS_LoginPageTest@4501b7af]" name="teardown" is-config="true" duration-ms="917" started-at="2020-08-05T10:32:35Z" finished-at="2020-08-05T10:32:36Z">
          <reporter-output>
          </reporter-output>
        </test-method> <!-- teardown -->
        <test-method status="PASS" signature="LaunchingBrowser()[pri:0, instance:com.qats.test.QATS_LoginPageTest@4501b7af]" name="LaunchingBrowser" is-config="true" duration-ms="6288" started-at="2020-08-05T10:32:36Z" finished-at="2020-08-05T10:32:43Z">
          <reporter-output>
          </reporter-output>
        </test-method> <!-- LaunchingBrowser -->
        <test-method status="PASS" signature="LoginTestReviewer()[pri:0, instance:com.qats.test.QATS_LoginPageTest@4501b7af]" name="LoginTestReviewer" duration-ms="11962" started-at="2020-08-05T10:32:43Z" finished-at="2020-08-05T10:32:55Z">
          <reporter-output>
          </reporter-output>
        </test-method> <!-- LoginTestReviewer -->
        <test-method status="PASS" signature="teardown()[pri:0, instance:com.qats.test.QATS_LoginPageTest@4501b7af]" name="teardown" is-config="true" duration-ms="915" started-at="2020-08-05T10:32:55Z" finished-at="2020-08-05T10:32:55Z">
          <reporter-output>
          </reporter-output>
        </test-method> <!-- teardown -->
      </class> <!-- com.qats.test.QATS_LoginPageTest -->
    </test> <!-- Default test -->
  </suite> <!-- Default suite -->
</testng-results>
