<?xml version="1.0" encoding="UTF-8"?>
<!-- Generated by org.testng.reporters.JUnitXMLReporter -->
<testsuite hostname="DESKTOP-MDBLIRD" ignored="0" name="Default test" tests="4" failures="0" timestamp="05 Aug 2020 10:32:56 GMT" time="70.389" errors="0">
  <testcase name="LoginPageTitleTest" time="0.05" classname="com.qats.test.QATS_LoginPageTest"/>
  <testcase name="LoginTestAdmin" time="15.929" classname="com.qats.test.QATS_LoginPageTest"/>
  <testcase name="LoginTestManager" time="11.454" classname="com.qats.test.QATS_LoginPageTest"/>
  <testcase name="LoginTestReviewer" time="11.962" classname="com.qats.test.QATS_LoginPageTest"/>
</testsuite> <!-- Default test -->
